<?xml version="1.0" encoding="UTF-8"?>
<!-- Generated by org.testng.reporters.JUnitReportReporter -->
<testsuite hostname="CODITAS-RJADHAV1" failures="0" tests="5" name="com.gutenberg.qa.testcases.ProjectDetailsTest" time="43.722" errors="0" timestamp="2021-08-20T13:06:01 IST" skipped="0">
  <testcase classname="com.gutenberg.qa.testcases.ProjectDetailsTest" name="verifyCreateProjectButtonIsClickable" time="29.854"/>
  <system-out/>
  <testcase classname="com.gutenberg.qa.testcases.ProjectDetailsTest" name="verifySiteGetAddSuccessfully" time="3.121"/>
  <system-out/>
  <testcase classname="com.gutenberg.qa.testcases.ProjectDetailsTest" name="verifyCancelButtonIsClickable" time="4.431"/>
  <system-out/>
  <testcase classname="com.gutenberg.qa.testcases.ProjectDetailsTest" name="verifySiteGetAddSuccessfullyWithoutDescription" time="1.848"/>
  <system-out/>
  <testcase classname="com.gutenberg.qa.testcases.ProjectDetailsTest" name="goToHomePage" time="4.468"/>
  <system-out/>
</testsuite> <!-- com.gutenberg.qa.testcases.ProjectDetailsTest -->
