<?xml version="1.0" encoding="UTF-8"?>
<!-- Generated by org.testng.reporters.JUnitReportReporter -->
<testsuite hostname="CODITAS-RJADHAV1" failures="0" tests="1" name="com.gutenberg.qa.testcases.HomePageTest" time="57.118" errors="0" timestamp="2021-08-20T14:45:15 IST" skipped="0">
  <testcase classname="com.gutenberg.qa.testcases.HomePageTest" name="verifyProjectIsDeleted" time="57.118"/>
  <system-out/>
</testsuite> <!-- com.gutenberg.qa.testcases.HomePageTest -->
