<?xml version="1.0" encoding="UTF-8"?>
<!-- Generated by org.testng.reporters.JUnitReportReporter -->
<testsuite hostname="CODITAS-PPAWAR" failures="0" tests="1" name="gutenberg.automation.AppTest" time="0.003" errors="0" timestamp="2021-08-16T16:05:55 IST" skipped="0">
  <testcase classname="gutenberg.automation.AppTest" name="testApp" time="0.003"/>
  <system-out/>
</testsuite> <!-- gutenberg.automation.AppTest -->
