<?xml version="1.0" encoding="UTF-8"?>
<!-- Generated by org.testng.reporters.JUnitReportReporter -->
<testsuite hostname="CODITAS-RJADHAV1" failures="0" tests="1" name="gutenberg.automation.AppTest" time="0.000" errors="0" timestamp="2021-08-18T11:43:04 IST" skipped="1">
  <testcase classname="gutenberg.automation.AppTest" name="testApp" time="0.000">
    <skipped/>
  </testcase> <!-- testApp -->
  <system-out/>
</testsuite> <!-- gutenberg.automation.AppTest -->
